[debug] > Exec(early(addDefaultCommands), None, None)
[debug] > Exec(addDefaultCommands, None, None)
[debug] > Exec(early(initialize), None, None)
[debug] > Exec(initialize, None, None)
[debug] > Exec(early(addPluginSbtFile="""C:\Users\youss\AppData\Local\Temp\idea1.sbt"""), None, None)
[debug] > Exec(addPluginSbtFile="""C:\Users\youss\AppData\Local\Temp\idea1.sbt""", None, None)
[debug] > Exec(boot, None, None)
[debug] > Exec(writeSbtVersion, None, None)
[debug] > Exec(reload, None, None)
[debug] > Exec(sbtStashOnFailure, None, None)
[debug] > Exec(onFailure loadFailed, None, None)
[debug] > Exec(loadp, None, None)
[info] welcome to sbt 1.9.9 (Oracle Corporation Java 1.8.0_391)
[debug] Load.defaultLoad until apply took 72.0506ms
[debug]           Load.loadUnit: plugins took 49.9743ms
[debug]           Load.loadUnit: defsScala took 0.2106ms
[debug] [Loading] Scanning directory C:\Users\youss\work\ITI 44\BigData Course\ScalaCode\project
[debug]             Load.loadUnit: mkEval took 5.3199ms
[debug] [Loading] Found non-root projects 
[debug] [Loading] Done in C:\Users\youss\work\ITI 44\BigData Course\ScalaCode\project, returning: ()
[debug] deducing auto plugins based on known facts Set(Atom(sbt.plugins.CorePlugin)) and clauses Clauses(Clause(Atom(sbt.plugins.JvmPlugin),Set(Atom(sbt.plugins.IvyPlugin)))
[debug] Clause(Atom(sbt.ScriptedPlugin),Set(Atom(sbt.plugins.JvmPlugin)))
[debug] Clause(Atom(sbt.plugins.SbtPlugin),Set(Atom(sbt.ScriptedPlugin)))
[debug] Clause(Atom(sbt.plugins.SemanticdbPlugin),Set(Atom(sbt.plugins.JvmPlugin)))
[debug] Clause(Atom(sbt.plugins.JUnitXmlReportPlugin),Set(Atom(sbt.plugins.JvmPlugin)))
[debug] Clause(Atom(sbt.plugins.MiniDependencyTreePlugin),Set(Atom(sbt.plugins.JvmPlugin)))
[debug] Clause(Atom(sbt.plugins.CorePlugin),Set(Atom(sbt.plugins.IvyPlugin)))
[debug] Clause(Atom(sbt.plugins.IvyPlugin),Set(Atom(sbt.plugins.JvmPlugin)))
[debug] Clause(Atom(sbt.plugins.JvmPlugin),Set(Atom(sbt.plugins.SemanticdbPlugin)))
[debug] Clause(Atom(sbt.plugins.JvmPlugin),Set(Atom(sbt.plugins.JUnitXmlReportPlugin)))
[debug] Clause(Atom(sbt.plugins.CorePlugin),Set(Atom(sbt.plugins.Giter8TemplatePlugin)))
[debug] Clause(Atom(sbt.plugins.JvmPlugin),Set(Atom(sbt.plugins.MiniDependencyTreePlugin))))
[debug]   :: deduced result: Matched(sbt.plugins.CorePlugin,sbt.plugins.Giter8TemplatePlugin,sbt.plugins.IvyPlugin,sbt.plugins.JvmPlugin,sbt.plugins.MiniDependencyTreePlugin,sbt.plugins.JUnitXmlReportPlugin,sbt.plugins.SemanticdbPlugin)
[debug] Plugins.deducer#function took 11.3395 ms
[info] loading settings for project scalacode-build from idea1.sbt ...
[debug]               Load.resolveProject(scalacode-build) took 39.8114ms
[debug]             Load.loadTransitive: finalizeProject(Project(id scalacode-build, base: C:\Users\youss\work\ITI 44\BigData Course\ScalaCode\project, plugins: List(<none>))) took 68.9184ms
[debug] [Loading] Done in C:\Users\youss\work\ITI 44\BigData Course\ScalaCode\project, returning: (scalacode-build)
[debug]           Load.loadUnit: loadedProjectsRaw took 234.5441ms
[debug]           Load.loadUnit: cleanEvalClasses took 6.4003ms
[debug]         Load.loadUnit(file:/C:/Users/youss/work/ITI%2044/BigData%20Course/ScalaCode/project/, ...) took 294.8295ms
[debug]       Load.apply: load took 398.4125ms
[debug]       Load.apply: resolveProjects took 3.5432ms
[debug]       Load.apply: finalTransforms took 34.0444ms
[debug]       Load.apply: config.delegates took 4.6776ms
[debug]       Load.apply: Def.make(settings)... took 220.947ms
[debug]       Load.apply: structureIndex took 56.8575ms
[debug]       Load.apply: mkStreams took 1.2109ms
[info] loading project definition from C:\Users\youss\work\ITI 44\BigData Course\ScalaCode\project
[debug] Running task... Cancel: Signal, check cycles: false, forcegc: true
[debug]     Load.loadUnit: plugins took 1251.7494ms
[debug]     Load.loadUnit: defsScala took 0.0031ms
[debug] [Loading] Scanning directory C:\Users\youss\work\ITI 44\BigData Course\ScalaCode
[debug]       Load.loadUnit: mkEval took 0.2328ms
[error] Type error in expression
[debug] > Exec(loadFailed, None, None)
[warn] Project loading failed: (r)etry, (q)uit, (l)ast, or (i)gnore? (default: r)
